[2024-11-16 03:28:00.139 AM] info:	@@ Server started on http://localhost:5000
[2024-11-16 03:28:02.179 AM] info:	@@ MONGO Database Connected
[2024-11-16 03:28:03.684 AM] info:	Fetching latest events...
[2024-11-16 03:28:03.710 AM] info:	Fetching latest events...
[2024-11-16 03:28:03.745 AM] info:	Fetching latest events...
[2024-11-16 03:28:03.755 AM] info:	Fetching latest events...
[2024-11-16 03:28:04.093 AM] info:	@@ Trending events fetched successfully
[2024-11-16 03:28:04.098 AM] info:	HTTP Access Log
[2024-11-16 03:28:04.101 AM] info:	@@ Latest events fetched successfully
[2024-11-16 03:28:04.104 AM] info:	HTTP Access Log
[2024-11-16 03:28:04.260 AM] info:	@@ Latest events fetched successfully
[2024-11-16 03:28:04.262 AM] info:	HTTP Access Log
[2024-11-16 03:28:04.271 AM] info:	@@ Trending events fetched successfully
[2024-11-16 03:28:04.273 AM] info:	HTTP Access Log
[2024-11-16 03:28:04.440 AM] info:	@@ Latest events count fetched successfully
[2024-11-16 03:28:04.442 AM] info:	HTTP Access Log
[2024-11-16 03:28:04.451 AM] info:	@@ Latest events count fetched successfully
[2024-11-16 03:28:04.454 AM] info:	HTTP Access Log
[2024-11-16 03:28:04.690 AM] info:	@@ Trending events fetched successfully
[2024-11-16 03:28:04.691 AM] info:	HTTP Access Log
[2024-11-16 03:28:04.748 AM] info:	@@ Trending events fetched successfully
[2024-11-16 03:28:04.749 AM] info:	HTTP Access Log
[2024-11-16 03:28:05.119 AM] info:	@@ Latest events fetched successfully
[2024-11-16 03:28:05.122 AM] info:	HTTP Access Log
[2024-11-16 03:28:05.137 AM] info:	@@ Latest events fetched successfully
[2024-11-16 03:28:05.139 AM] info:	HTTP Access Log
[2024-11-16 03:28:05.314 AM] info:	@@ Latest events count fetched successfully
[2024-11-16 03:28:05.315 AM] info:	HTTP Access Log
[2024-11-16 03:28:05.331 AM] info:	@@ Latest events count fetched successfully
[2024-11-16 03:28:05.332 AM] info:	HTTP Access Log
[2024-11-16 03:28:45.793 AM] info:	Fetching latest events...
[2024-11-16 03:28:45.796 AM] info:	Fetching latest events...
[2024-11-16 03:28:46.156 AM] info:	@@ Latest events fetched successfully
[2024-11-16 03:28:46.158 AM] info:	HTTP Access Log
[2024-11-16 03:28:46.164 AM] info:	@@ Trending events fetched successfully
[2024-11-16 03:28:46.166 AM] info:	HTTP Access Log
[2024-11-16 03:28:46.172 AM] info:	@@ Latest events fetched successfully
[2024-11-16 03:28:46.174 AM] info:	HTTP Access Log
[2024-11-16 03:28:46.352 AM] info:	@@ Latest events count fetched successfully
[2024-11-16 03:28:46.353 AM] info:	HTTP Access Log
[2024-11-16 03:28:46.373 AM] info:	@@ Latest events count fetched successfully
[2024-11-16 03:28:46.375 AM] info:	HTTP Access Log
[2024-11-16 03:28:46.531 AM] info:	@@ Trending events fetched successfully
[2024-11-16 03:28:46.533 AM] info:	HTTP Access Log
[2024-11-16 03:29:35.225 AM] info:	Fetching latest events...
[2024-11-16 03:29:35.227 AM] info:	Fetching latest events...
[2024-11-16 03:29:35.588 AM] info:	@@ Latest events fetched successfully
[2024-11-16 03:29:35.589 AM] info:	HTTP Access Log
[2024-11-16 03:29:35.601 AM] info:	@@ Latest events fetched successfully
[2024-11-16 03:29:35.602 AM] info:	HTTP Access Log
[2024-11-16 03:29:35.603 AM] info:	@@ Trending events fetched successfully
[2024-11-16 03:29:35.605 AM] info:	HTTP Access Log
[2024-11-16 03:29:35.776 AM] info:	@@ Latest events count fetched successfully
[2024-11-16 03:29:35.777 AM] info:	HTTP Access Log
[2024-11-16 03:29:35.794 AM] info:	@@ Latest events count fetched successfully
[2024-11-16 03:29:35.796 AM] info:	HTTP Access Log
[2024-11-16 03:29:35.977 AM] info:	@@ Trending events fetched successfully
[2024-11-16 03:29:35.978 AM] info:	HTTP Access Log
[2024-11-16 03:29:36.363 AM] info:	Fetching latest events...
[2024-11-16 03:29:36.377 AM] info:	Fetching latest events...
[2024-11-16 03:29:36.738 AM] info:	@@ Latest events fetched successfully
[2024-11-16 03:29:36.739 AM] info:	HTTP Access Log
[2024-11-16 03:29:36.741 AM] info:	@@ Latest events fetched successfully
[2024-11-16 03:29:36.742 AM] info:	HTTP Access Log
[2024-11-16 03:29:36.746 AM] info:	@@ Trending events fetched successfully
[2024-11-16 03:29:36.748 AM] info:	HTTP Access Log
[2024-11-16 03:29:36.932 AM] info:	@@ Latest events count fetched successfully
[2024-11-16 03:29:36.933 AM] info:	HTTP Access Log
[2024-11-16 03:29:36.940 AM] info:	@@ Latest events count fetched successfully
[2024-11-16 03:29:36.942 AM] info:	HTTP Access Log
[2024-11-16 03:29:37.130 AM] info:	@@ Trending events fetched successfully
[2024-11-16 03:29:37.132 AM] info:	HTTP Access Log
[2024-11-16 03:34:25.701 AM] info:	@@ Start of data validation
[2024-11-16 03:34:25.892 AM] info:	@@ End of data validation
[2024-11-16 03:34:25.968 AM] info:	@@ User logged in
[2024-11-16 03:34:25.972 AM] info:	HTTP Access Log
[2024-11-16 03:34:26.401 AM] info:	Fetching latest events...
[2024-11-16 03:34:26.416 AM] info:	Fetching latest events...
[2024-11-16 03:34:26.770 AM] info:	@@ Latest events fetched successfully
[2024-11-16 03:34:26.771 AM] info:	HTTP Access Log
[2024-11-16 03:34:26.781 AM] info:	@@ Trending events fetched successfully
[2024-11-16 03:34:26.783 AM] info:	HTTP Access Log
[2024-11-16 03:34:26.788 AM] info:	@@ Latest events fetched successfully
[2024-11-16 03:34:26.790 AM] info:	HTTP Access Log
[2024-11-16 03:34:26.962 AM] info:	@@ Latest events count fetched successfully
[2024-11-16 03:34:26.964 AM] info:	HTTP Access Log
[2024-11-16 03:34:26.977 AM] info:	@@ Latest events count fetched successfully
[2024-11-16 03:34:26.978 AM] info:	HTTP Access Log
[2024-11-16 03:34:27.145 AM] info:	@@ Trending events fetched successfully
[2024-11-16 03:34:27.146 AM] info:	HTTP Access Log
[2024-11-16 03:36:26.198 AM] info:	HTTP Access Log
[2024-11-16 03:36:27.621 AM] info:	@@ EVENTS fetched successfully
[2024-11-16 03:36:27.622 AM] info:	HTTP Access Log
[2024-11-16 03:36:27.633 AM] info:	@@ EVENTS fetched successfully
[2024-11-16 03:36:27.634 AM] info:	HTTP Access Log
[2024-11-16 03:36:27.635 AM] info:	@@ EVENTS fetched successfully
[2024-11-16 03:36:27.636 AM] info:	HTTP Access Log
[2024-11-16 03:36:27.638 AM] info:	@@ EVENTS fetched successfully
[2024-11-16 03:36:27.639 AM] info:	HTTP Access Log
[2024-11-16 03:36:27.813 AM] info:	@@ Events count fetched successfully
[2024-11-16 03:36:27.814 AM] info:	HTTP Access Log
[2024-11-16 03:36:27.825 AM] info:	@@ Events count fetched successfully
[2024-11-16 03:36:27.827 AM] info:	HTTP Access Log
[2024-11-16 03:36:27.828 AM] info:	@@ Events count fetched successfully
[2024-11-16 03:36:27.829 AM] info:	HTTP Access Log
[2024-11-16 03:36:27.834 AM] info:	@@ Events count fetched successfully
[2024-11-16 03:36:27.835 AM] info:	HTTP Access Log
[2024-11-16 03:36:28.031 AM] info:	@@ EVENTS fetched successfully
[2024-11-16 03:36:28.032 AM] info:	HTTP Access Log
[2024-11-16 03:36:28.222 AM] info:	@@ Events count fetched successfully
[2024-11-16 03:36:28.223 AM] info:	HTTP Access Log
[2024-11-16 03:36:32.600 AM] info:	Fetching latest events...
[2024-11-16 03:36:32.607 AM] info:	Fetching latest events...
[2024-11-16 03:36:32.970 AM] info:	@@ Latest events fetched successfully
[2024-11-16 03:36:32.971 AM] info:	HTTP Access Log
[2024-11-16 03:36:32.974 AM] info:	@@ Trending events fetched successfully
[2024-11-16 03:36:32.976 AM] info:	HTTP Access Log
[2024-11-16 03:36:32.978 AM] info:	@@ Latest events fetched successfully
[2024-11-16 03:36:32.980 AM] info:	HTTP Access Log
[2024-11-16 03:36:33.173 AM] info:	@@ Latest events count fetched successfully
[2024-11-16 03:36:33.174 AM] info:	HTTP Access Log
[2024-11-16 03:36:33.175 AM] info:	@@ Latest events count fetched successfully
[2024-11-16 03:36:33.176 AM] info:	HTTP Access Log
[2024-11-16 03:36:33.355 AM] info:	@@ Trending events fetched successfully
[2024-11-16 03:36:33.356 AM] info:	HTTP Access Log
[2024-11-16 03:37:03.272 AM] info:	@@ Start of data validation
[2024-11-16 03:37:03.459 AM] info:	@@ End of data validation
[2024-11-16 03:37:03.526 AM] info:	@@ User logged in
[2024-11-16 03:37:03.528 AM] info:	HTTP Access Log
[2024-11-16 03:37:03.878 AM] info:	Fetching latest events...
[2024-11-16 03:37:03.881 AM] info:	Fetching latest events...
[2024-11-16 03:37:04.242 AM] info:	@@ Latest events fetched successfully
[2024-11-16 03:37:04.243 AM] info:	HTTP Access Log
[2024-11-16 03:37:04.251 AM] info:	@@ Trending events fetched successfully
[2024-11-16 03:37:04.252 AM] info:	HTTP Access Log
[2024-11-16 03:37:04.254 AM] info:	@@ Latest events fetched successfully
[2024-11-16 03:37:04.255 AM] info:	HTTP Access Log
[2024-11-16 03:37:04.426 AM] info:	@@ Latest events count fetched successfully
[2024-11-16 03:37:04.427 AM] info:	HTTP Access Log
[2024-11-16 03:37:04.451 AM] info:	@@ Latest events count fetched successfully
[2024-11-16 03:37:04.453 AM] info:	HTTP Access Log
[2024-11-16 03:37:04.631 AM] info:	@@ Trending events fetched successfully
[2024-11-16 03:37:04.632 AM] info:	HTTP Access Log
[2024-11-16 03:37:15.881 AM] info:	@@ Event fetched successfully
[2024-11-16 03:37:15.882 AM] info:	HTTP Access Log
[2024-11-16 03:37:16.075 AM] info:	@@ Search posts fetched successfully
[2024-11-16 03:37:16.076 AM] info:	HTTP Access Log
[2024-11-16 03:37:16.093 AM] info:	HTTP Access Log
[2024-11-16 03:37:16.098 AM] info:	HTTP Access Log
[2024-11-16 03:37:23.797 AM] info:	@@ Event liked successfully
[2024-11-16 03:37:23.798 AM] info:	HTTP Access Log
[2024-11-16 03:37:29.447 AM] info:	@@ EVENTS fetched successfully
[2024-11-16 03:37:29.450 AM] info:	HTTP Access Log
[2024-11-16 03:37:29.452 AM] info:	@@ EVENTS fetched successfully
[2024-11-16 03:37:29.454 AM] info:	HTTP Access Log
[2024-11-16 03:37:29.457 AM] info:	@@ EVENTS fetched successfully
[2024-11-16 03:37:29.458 AM] info:	HTTP Access Log
[2024-11-16 03:37:29.471 AM] info:	@@ EVENTS fetched successfully
[2024-11-16 03:37:29.472 AM] info:	HTTP Access Log
[2024-11-16 03:37:29.647 AM] info:	@@ Events count fetched successfully
[2024-11-16 03:37:29.648 AM] info:	HTTP Access Log
[2024-11-16 03:37:29.649 AM] info:	@@ Events count fetched successfully
[2024-11-16 03:37:29.651 AM] info:	HTTP Access Log
[2024-11-16 03:37:29.652 AM] info:	@@ Events count fetched successfully
[2024-11-16 03:37:29.653 AM] info:	HTTP Access Log
[2024-11-16 03:37:29.663 AM] info:	@@ Events count fetched successfully
[2024-11-16 03:37:29.665 AM] info:	HTTP Access Log
[2024-11-16 03:37:29.838 AM] info:	@@ EVENTS fetched successfully
[2024-11-16 03:37:29.839 AM] info:	HTTP Access Log
[2024-11-16 03:37:30.023 AM] info:	@@ Events count fetched successfully
[2024-11-16 03:37:30.025 AM] info:	HTTP Access Log
[2024-11-16 03:37:37.357 AM] info:	@@ Notifications fetched successfully
[2024-11-16 03:37:37.359 AM] info:	HTTP Access Log
[2024-11-16 03:37:37.364 AM] info:	@@ Notifications fetched successfully
[2024-11-16 03:37:37.366 AM] info:	HTTP Access Log
[2024-11-16 03:37:37.551 AM] info:	@@ 2 Notification fetched successfully
[2024-11-16 03:37:37.552 AM] info:	HTTP Access Log
[2024-11-16 03:37:37.552 AM] info:	@@ 2 Notification fetched successfully
[2024-11-16 03:37:37.553 AM] info:	HTTP Access Log
[2024-11-16 03:37:37.566 AM] info:	@@ Notifications marked as seen
[2024-11-16 03:37:37.575 AM] info:	@@ Notifications marked as seen
[2024-11-16 03:37:48.092 AM] info:	@@ EVENTS fetched successfully
[2024-11-16 03:37:48.093 AM] info:	HTTP Access Log
[2024-11-16 03:37:48.094 AM] info:	@@ EVENTS fetched successfully
[2024-11-16 03:37:48.095 AM] info:	HTTP Access Log
[2024-11-16 03:37:48.096 AM] info:	@@ EVENTS fetched successfully
[2024-11-16 03:37:48.097 AM] info:	HTTP Access Log
[2024-11-16 03:37:48.098 AM] info:	@@ EVENTS fetched successfully
[2024-11-16 03:37:48.099 AM] info:	HTTP Access Log
[2024-11-16 03:37:48.287 AM] info:	@@ Events count fetched successfully
[2024-11-16 03:37:48.288 AM] info:	HTTP Access Log
[2024-11-16 03:37:48.289 AM] info:	@@ Events count fetched successfully
[2024-11-16 03:37:48.290 AM] info:	HTTP Access Log
[2024-11-16 03:37:48.291 AM] info:	@@ Events count fetched successfully
[2024-11-16 03:37:48.291 AM] info:	HTTP Access Log
[2024-11-16 03:37:48.296 AM] info:	@@ Events count fetched successfully
[2024-11-16 03:37:48.297 AM] info:	HTTP Access Log
[2024-11-16 03:37:48.484 AM] info:	@@ EVENTS fetched successfully
[2024-11-16 03:37:48.485 AM] info:	HTTP Access Log
[2024-11-16 03:37:48.676 AM] info:	@@ Events count fetched successfully
[2024-11-16 03:37:48.677 AM] info:	HTTP Access Log
[2024-11-16 03:37:59.184 AM] info:	Fetching latest events...
[2024-11-16 03:37:59.187 AM] info:	Fetching latest events...
[2024-11-16 03:37:59.548 AM] info:	@@ Latest events fetched successfully
[2024-11-16 03:37:59.549 AM] info:	HTTP Access Log
[2024-11-16 03:37:59.556 AM] info:	@@ Trending events fetched successfully
[2024-11-16 03:37:59.558 AM] info:	HTTP Access Log
[2024-11-16 03:37:59.559 AM] info:	@@ Latest events fetched successfully
[2024-11-16 03:37:59.560 AM] info:	HTTP Access Log
[2024-11-16 03:37:59.750 AM] info:	@@ Latest events count fetched successfully
[2024-11-16 03:37:59.750 AM] info:	HTTP Access Log
[2024-11-16 03:37:59.760 AM] info:	@@ Latest events count fetched successfully
[2024-11-16 03:37:59.761 AM] info:	HTTP Access Log
[2024-11-16 03:37:59.933 AM] info:	@@ Trending events fetched successfully
[2024-11-16 03:37:59.934 AM] info:	HTTP Access Log
[2024-11-16 05:57:55.526 PM] info:	@@ Server started on http://localhost:5000
[2024-11-16 05:58:03.414 PM] info:	@@ MONGO Database Connected
[2024-11-16 05:58:07.917 PM] info:	Fetching latest events...
[2024-11-16 05:58:07.940 PM] info:	Fetching latest events...
[2024-11-16 05:58:08.335 PM] info:	@@ Latest events fetched successfully
[2024-11-16 05:58:08.339 PM] info:	HTTP Access Log
[2024-11-16 05:58:08.341 PM] info:	@@ Latest events fetched successfully
[2024-11-16 05:58:08.342 PM] info:	HTTP Access Log
[2024-11-16 05:58:08.350 PM] info:	@@ Trending events fetched successfully
[2024-11-16 05:58:08.352 PM] info:	HTTP Access Log
[2024-11-16 05:58:08.533 PM] info:	@@ Latest events count fetched successfully
[2024-11-16 05:58:08.534 PM] info:	HTTP Access Log
[2024-11-16 05:58:08.536 PM] info:	@@ Latest events count fetched successfully
[2024-11-16 05:58:08.537 PM] info:	HTTP Access Log
[2024-11-16 05:58:08.735 PM] info:	@@ Trending events fetched successfully
[2024-11-16 05:58:08.736 PM] info:	HTTP Access Log
[2024-11-16 05:59:39.739 PM] info:	Fetching latest events...
[2024-11-16 05:59:39.757 PM] info:	Fetching latest events...
[2024-11-16 05:59:40.121 PM] info:	@@ Latest events fetched successfully
[2024-11-16 05:59:40.123 PM] info:	HTTP Access Log
[2024-11-16 05:59:40.126 PM] info:	@@ Latest events fetched successfully
[2024-11-16 05:59:40.129 PM] info:	HTTP Access Log
[2024-11-16 05:59:40.132 PM] info:	@@ Trending events fetched successfully
[2024-11-16 05:59:40.133 PM] info:	HTTP Access Log
[2024-11-16 05:59:40.328 PM] info:	@@ Latest events count fetched successfully
[2024-11-16 05:59:40.329 PM] info:	HTTP Access Log
[2024-11-16 05:59:40.348 PM] info:	@@ Latest events count fetched successfully
[2024-11-16 05:59:40.349 PM] info:	HTTP Access Log
[2024-11-16 05:59:40.515 PM] info:	@@ Trending events fetched successfully
[2024-11-16 05:59:40.516 PM] info:	HTTP Access Log
[2024-11-16 06:00:34.586 PM] info:	Fetching latest events...
[2024-11-16 06:00:34.592 PM] info:	Fetching latest events...
[2024-11-16 06:00:34.957 PM] info:	@@ Trending events fetched successfully
[2024-11-16 06:00:34.958 PM] info:	HTTP Access Log
[2024-11-16 06:00:34.961 PM] info:	@@ Latest events fetched successfully
[2024-11-16 06:00:34.963 PM] info:	HTTP Access Log
[2024-11-16 06:00:34.965 PM] info:	@@ Latest events fetched successfully
[2024-11-16 06:00:34.966 PM] info:	HTTP Access Log
[2024-11-16 06:00:35.159 PM] info:	@@ Latest events count fetched successfully
[2024-11-16 06:00:35.160 PM] info:	HTTP Access Log
[2024-11-16 06:00:35.163 PM] info:	@@ Latest events count fetched successfully
[2024-11-16 06:00:35.164 PM] info:	HTTP Access Log
[2024-11-16 06:00:35.341 PM] info:	@@ Trending events fetched successfully
[2024-11-16 06:00:35.342 PM] info:	HTTP Access Log
[2024-11-16 06:00:49.697 PM] error:	@@ User not found
[2024-11-16 06:00:49.698 PM] info:	HTTP Access Log
[2024-11-16 06:00:56.792 PM] info:	Fetching latest events...
[2024-11-16 06:00:56.796 PM] info:	Fetching latest events...
[2024-11-16 06:00:57.156 PM] info:	@@ Trending events fetched successfully
[2024-11-16 06:00:57.157 PM] info:	HTTP Access Log
[2024-11-16 06:00:57.160 PM] info:	@@ Latest events fetched successfully
[2024-11-16 06:00:57.161 PM] info:	HTTP Access Log
[2024-11-16 06:00:57.164 PM] info:	@@ Latest events fetched successfully
[2024-11-16 06:00:57.165 PM] info:	HTTP Access Log
[2024-11-16 06:00:57.348 PM] info:	@@ Latest events count fetched successfully
[2024-11-16 06:00:57.349 PM] info:	HTTP Access Log
[2024-11-16 06:00:57.352 PM] info:	@@ Latest events count fetched successfully
[2024-11-16 06:00:57.353 PM] info:	HTTP Access Log
[2024-11-16 06:00:57.520 PM] info:	@@ Trending events fetched successfully
[2024-11-16 06:00:57.522 PM] info:	HTTP Access Log
[2024-11-16 06:01:23.022 PM] info:	@@ User found successfully
[2024-11-16 06:01:23.024 PM] info:	HTTP Access Log
[2024-11-16 06:01:23.215 PM] info:	@@ Search posts fetched successfully
[2024-11-16 06:01:23.216 PM] info:	HTTP Access Log
[2024-11-16 06:01:23.408 PM] info:	@@ Search posts count fetched successfully @@ 0
[2024-11-16 06:01:23.409 PM] info:	HTTP Access Log
[2024-11-16 06:04:12.533 PM] info:	Fetching latest events...
[2024-11-16 06:04:12.538 PM] info:	Fetching latest events...
[2024-11-16 06:04:12.897 PM] info:	@@ Latest events fetched successfully
[2024-11-16 06:04:12.898 PM] info:	HTTP Access Log
[2024-11-16 06:04:12.900 PM] info:	@@ Latest events fetched successfully
[2024-11-16 06:04:12.901 PM] info:	HTTP Access Log
[2024-11-16 06:04:12.906 PM] info:	@@ Trending events fetched successfully
[2024-11-16 06:04:12.907 PM] info:	HTTP Access Log
[2024-11-16 06:04:13.084 PM] info:	@@ Latest events count fetched successfully
[2024-11-16 06:04:13.086 PM] info:	HTTP Access Log
[2024-11-16 06:04:13.088 PM] info:	@@ Latest events count fetched successfully
[2024-11-16 06:04:13.089 PM] info:	HTTP Access Log
[2024-11-16 06:04:13.281 PM] info:	@@ Trending events fetched successfully
[2024-11-16 06:04:13.282 PM] info:	HTTP Access Log
[2024-11-16 06:04:55.357 PM] info:	Fetching latest events...
[2024-11-16 06:04:55.364 PM] info:	Fetching latest events...
[2024-11-16 06:04:55.722 PM] info:	@@ Trending events fetched successfully
[2024-11-16 06:04:55.724 PM] info:	HTTP Access Log
[2024-11-16 06:04:55.727 PM] info:	@@ Latest events fetched successfully
[2024-11-16 06:04:55.728 PM] info:	HTTP Access Log
[2024-11-16 06:04:55.735 PM] info:	@@ Latest events fetched successfully
[2024-11-16 06:04:55.737 PM] info:	HTTP Access Log
[2024-11-16 06:04:55.926 PM] info:	@@ Latest events count fetched successfully
[2024-11-16 06:04:55.927 PM] info:	HTTP Access Log
[2024-11-16 06:04:55.927 PM] info:	@@ Latest events count fetched successfully
[2024-11-16 06:04:55.928 PM] info:	HTTP Access Log
[2024-11-16 06:04:56.089 PM] info:	@@ Trending events fetched successfully
[2024-11-16 06:04:56.090 PM] info:	HTTP Access Log
[2024-11-16 06:05:39.318 PM] info:	@@ User found successfully
[2024-11-16 06:05:39.319 PM] info:	HTTP Access Log
[2024-11-16 06:05:39.506 PM] info:	@@ Search posts fetched successfully
[2024-11-16 06:05:39.506 PM] info:	HTTP Access Log
[2024-11-16 06:05:39.702 PM] info:	@@ Search posts count fetched successfully @@ 0
[2024-11-16 06:05:39.703 PM] info:	HTTP Access Log
[2024-11-16 06:05:42.534 PM] info:	@@ User found successfully
[2024-11-16 06:05:42.535 PM] info:	HTTP Access Log
[2024-11-16 06:05:42.722 PM] info:	@@ Search posts fetched successfully
[2024-11-16 06:05:42.723 PM] info:	HTTP Access Log
[2024-11-16 06:05:42.910 PM] info:	@@ Search posts count fetched successfully @@ 0
[2024-11-16 06:05:42.911 PM] info:	HTTP Access Log
[2024-11-16 06:06:09.709 PM] info:	@@ User found successfully
[2024-11-16 06:06:09.710 PM] info:	HTTP Access Log
[2024-11-16 06:06:09.899 PM] info:	@@ Search posts fetched successfully
[2024-11-16 06:06:09.901 PM] info:	HTTP Access Log
[2024-11-16 06:06:10.087 PM] info:	@@ Search posts count fetched successfully @@ 0
[2024-11-16 06:06:10.088 PM] info:	HTTP Access Log
[2024-11-16 06:06:22.496 PM] info:	@@ User found successfully
[2024-11-16 06:06:22.497 PM] info:	HTTP Access Log
[2024-11-16 06:06:22.683 PM] info:	@@ Search posts fetched successfully
[2024-11-16 06:06:22.684 PM] info:	HTTP Access Log
[2024-11-16 06:06:22.868 PM] info:	@@ Search posts count fetched successfully @@ 0
[2024-11-16 06:06:22.869 PM] info:	HTTP Access Log
[2024-11-16 06:06:53.736 PM] info:	@@ User found successfully
[2024-11-16 06:06:53.736 PM] info:	HTTP Access Log
[2024-11-16 06:06:53.923 PM] info:	@@ Search posts fetched successfully
[2024-11-16 06:06:53.923 PM] info:	HTTP Access Log
[2024-11-16 06:06:54.111 PM] info:	@@ Search posts count fetched successfully @@ 0
[2024-11-16 06:06:54.112 PM] info:	HTTP Access Log
[2024-11-16 06:07:44.795 PM] info:	@@ User found successfully
[2024-11-16 06:07:44.797 PM] info:	HTTP Access Log
[2024-11-16 06:07:44.984 PM] info:	@@ Search posts fetched successfully
[2024-11-16 06:07:44.985 PM] info:	HTTP Access Log
[2024-11-16 06:07:45.173 PM] info:	@@ Search posts count fetched successfully @@ 0
[2024-11-16 06:07:45.173 PM] info:	HTTP Access Log
[2024-11-16 06:07:52.687 PM] info:	@@ User found successfully
[2024-11-16 06:07:52.688 PM] info:	HTTP Access Log
[2024-11-16 06:07:52.881 PM] info:	@@ Search posts fetched successfully
[2024-11-16 06:07:52.882 PM] info:	HTTP Access Log
[2024-11-16 06:07:53.070 PM] info:	@@ Search posts count fetched successfully @@ 0
[2024-11-16 06:07:53.071 PM] info:	HTTP Access Log
[2024-11-16 06:08:15.590 PM] info:	@@ User found successfully
[2024-11-16 06:08:15.591 PM] info:	HTTP Access Log
[2024-11-16 06:08:15.781 PM] info:	@@ Search posts fetched successfully
[2024-11-16 06:08:15.782 PM] info:	HTTP Access Log
[2024-11-16 06:08:15.970 PM] info:	@@ Search posts count fetched successfully @@ 0
[2024-11-16 06:08:15.971 PM] info:	HTTP Access Log
[2024-11-16 06:08:20.623 PM] info:	@@ User found successfully
[2024-11-16 06:08:20.625 PM] info:	HTTP Access Log
[2024-11-16 06:08:20.821 PM] info:	@@ Search posts fetched successfully
[2024-11-16 06:08:20.822 PM] info:	HTTP Access Log
[2024-11-16 06:08:21.009 PM] info:	@@ Search posts count fetched successfully @@ 0
[2024-11-16 06:08:21.010 PM] info:	HTTP Access Log
[2024-11-16 06:08:33.566 PM] info:	@@ User found successfully
[2024-11-16 06:08:33.567 PM] info:	HTTP Access Log
[2024-11-16 06:08:33.758 PM] info:	@@ Search posts fetched successfully
[2024-11-16 06:08:33.758 PM] info:	HTTP Access Log
[2024-11-16 06:08:33.946 PM] info:	@@ Search posts count fetched successfully @@ 0
[2024-11-16 06:08:33.947 PM] info:	HTTP Access Log
[2024-11-16 06:08:38.538 PM] info:	@@ User found successfully
[2024-11-16 06:08:38.539 PM] info:	HTTP Access Log
[2024-11-16 06:08:38.726 PM] info:	@@ Search posts fetched successfully
[2024-11-16 06:08:38.727 PM] info:	HTTP Access Log
[2024-11-16 06:08:38.914 PM] info:	@@ Search posts count fetched successfully @@ 0
[2024-11-16 06:08:38.915 PM] info:	HTTP Access Log
[2024-11-16 06:08:41.186 PM] info:	@@ User found successfully
[2024-11-16 06:08:41.186 PM] info:	HTTP Access Log
[2024-11-16 06:08:41.373 PM] info:	@@ Search posts fetched successfully
[2024-11-16 06:08:41.375 PM] info:	HTTP Access Log
[2024-11-16 06:08:41.562 PM] info:	@@ Search posts count fetched successfully @@ 0
[2024-11-16 06:08:41.563 PM] info:	HTTP Access Log
[2024-11-16 06:08:43.758 PM] info:	@@ User found successfully
[2024-11-16 06:08:43.759 PM] info:	HTTP Access Log
[2024-11-16 06:08:43.946 PM] info:	@@ Search posts fetched successfully
[2024-11-16 06:08:43.947 PM] info:	HTTP Access Log
[2024-11-16 06:08:44.131 PM] info:	@@ Search posts count fetched successfully @@ 0
[2024-11-16 06:08:44.133 PM] info:	HTTP Access Log
[2024-11-16 06:08:46.510 PM] info:	@@ User found successfully
[2024-11-16 06:08:46.511 PM] info:	HTTP Access Log
[2024-11-16 06:08:46.697 PM] info:	@@ Search posts fetched successfully
[2024-11-16 06:08:46.698 PM] info:	HTTP Access Log
[2024-11-16 06:08:46.885 PM] info:	@@ Search posts count fetched successfully @@ 0
[2024-11-16 06:08:46.886 PM] info:	HTTP Access Log
[2024-11-16 06:09:01.347 PM] info:	@@ User found successfully
[2024-11-16 06:09:01.348 PM] info:	HTTP Access Log
[2024-11-16 06:09:01.534 PM] info:	@@ Search posts fetched successfully
[2024-11-16 06:09:01.535 PM] info:	HTTP Access Log
[2024-11-16 06:09:01.722 PM] info:	@@ Search posts count fetched successfully @@ 0
[2024-11-16 06:09:01.723 PM] info:	HTTP Access Log
[2024-11-16 06:09:03.594 PM] info:	Fetching latest events...
[2024-11-16 06:09:03.597 PM] info:	Fetching latest events...
[2024-11-16 06:09:03.961 PM] info:	@@ Latest events fetched successfully
[2024-11-16 06:09:03.962 PM] info:	HTTP Access Log
[2024-11-16 06:09:03.963 PM] info:	@@ Latest events fetched successfully
[2024-11-16 06:09:03.964 PM] info:	HTTP Access Log
[2024-11-16 06:09:03.975 PM] info:	@@ Trending events fetched successfully
[2024-11-16 06:09:03.976 PM] info:	HTTP Access Log
[2024-11-16 06:09:04.147 PM] info:	@@ Latest events count fetched successfully
[2024-11-16 06:09:04.148 PM] info:	HTTP Access Log
[2024-11-16 06:09:04.149 PM] info:	@@ Latest events count fetched successfully
[2024-11-16 06:09:04.150 PM] info:	HTTP Access Log
[2024-11-16 06:09:04.352 PM] info:	@@ Trending events fetched successfully
[2024-11-16 06:09:04.353 PM] info:	HTTP Access Log
[2024-11-16 06:11:06.754 PM] info:	@@ EVENTS fetched successfully
[2024-11-16 06:11:06.755 PM] info:	HTTP Access Log
[2024-11-16 06:11:06.755 PM] info:	@@ EVENTS fetched successfully
[2024-11-16 06:11:06.756 PM] info:	HTTP Access Log
[2024-11-16 06:11:06.756 PM] info:	@@ EVENTS fetched successfully
[2024-11-16 06:11:06.757 PM] info:	HTTP Access Log
[2024-11-16 06:11:06.942 PM] info:	@@ Events count fetched successfully
[2024-11-16 06:11:06.943 PM] info:	HTTP Access Log
[2024-11-16 06:11:06.945 PM] info:	@@ Events count fetched successfully
[2024-11-16 06:11:06.946 PM] info:	HTTP Access Log
[2024-11-16 06:11:06.946 PM] info:	@@ Events count fetched successfully
[2024-11-16 06:11:06.947 PM] info:	HTTP Access Log
[2024-11-16 06:11:07.133 PM] info:	@@ EVENTS fetched successfully
[2024-11-16 06:11:07.134 PM] info:	HTTP Access Log
[2024-11-16 06:11:07.322 PM] info:	@@ Events count fetched successfully
[2024-11-16 06:11:07.323 PM] info:	HTTP Access Log
[2024-11-16 06:11:07.821 PM] info:	@@ EVENTS fetched successfully
[2024-11-16 06:11:07.822 PM] info:	HTTP Access Log
[2024-11-16 06:11:08.018 PM] info:	@@ Events count fetched successfully
[2024-11-16 06:11:08.018 PM] info:	HTTP Access Log
[2024-11-16 06:12:52.613 PM] info:	@@ EVENTS fetched successfully
[2024-11-16 06:12:52.614 PM] info:	HTTP Access Log
[2024-11-16 06:12:52.618 PM] info:	@@ EVENTS fetched successfully
[2024-11-16 06:12:52.619 PM] info:	HTTP Access Log
[2024-11-16 06:12:52.621 PM] info:	@@ EVENTS fetched successfully
[2024-11-16 06:12:52.622 PM] info:	HTTP Access Log
[2024-11-16 06:12:52.623 PM] info:	@@ EVENTS fetched successfully
[2024-11-16 06:12:52.624 PM] info:	HTTP Access Log
[2024-11-16 06:12:52.812 PM] info:	@@ Events count fetched successfully
[2024-11-16 06:12:52.813 PM] info:	HTTP Access Log
[2024-11-16 06:12:52.823 PM] info:	@@ Events count fetched successfully
[2024-11-16 06:12:52.825 PM] info:	HTTP Access Log
[2024-11-16 06:12:52.825 PM] info:	@@ Events count fetched successfully
[2024-11-16 06:12:52.826 PM] info:	HTTP Access Log
[2024-11-16 06:12:52.827 PM] info:	@@ Events count fetched successfully
[2024-11-16 06:12:52.828 PM] info:	HTTP Access Log
[2024-11-16 06:12:53.008 PM] info:	@@ EVENTS fetched successfully
[2024-11-16 06:12:53.009 PM] info:	HTTP Access Log
[2024-11-16 06:12:53.016 PM] info:	@@ EVENTS fetched successfully
[2024-11-16 06:12:53.017 PM] info:	HTTP Access Log
[2024-11-16 06:12:53.086 PM] info:	HTTP Access Log
[2024-11-16 06:12:53.087 PM] info:	HTTP Access Log
[2024-11-16 06:12:53.194 PM] info:	@@ Events count fetched successfully
[2024-11-16 06:12:53.206 PM] info:	@@ Events count fetched successfully
[2024-11-16 06:12:53.604 PM] info:	@@ EVENTS fetched successfully
[2024-11-16 06:12:53.605 PM] info:	HTTP Access Log
[2024-11-16 06:12:53.608 PM] info:	@@ EVENTS fetched successfully
[2024-11-16 06:12:53.609 PM] info:	HTTP Access Log
[2024-11-16 06:12:53.624 PM] info:	@@ EVENTS fetched successfully
[2024-11-16 06:12:53.626 PM] info:	HTTP Access Log
[2024-11-16 06:12:53.627 PM] info:	@@ EVENTS fetched successfully
[2024-11-16 06:12:53.628 PM] info:	HTTP Access Log
[2024-11-16 06:12:53.792 PM] info:	@@ Events count fetched successfully
[2024-11-16 06:12:53.794 PM] info:	HTTP Access Log
[2024-11-16 06:12:53.795 PM] info:	@@ Events count fetched successfully
[2024-11-16 06:12:53.796 PM] info:	HTTP Access Log
[2024-11-16 06:12:53.820 PM] info:	@@ Events count fetched successfully
[2024-11-16 06:12:53.821 PM] info:	HTTP Access Log
[2024-11-16 06:12:53.822 PM] info:	@@ Events count fetched successfully
[2024-11-16 06:12:53.822 PM] info:	HTTP Access Log
[2024-11-16 06:12:53.984 PM] info:	@@ EVENTS fetched successfully
[2024-11-16 06:12:53.986 PM] info:	HTTP Access Log
[2024-11-16 06:12:54.172 PM] info:	@@ Events count fetched successfully
[2024-11-16 06:12:54.172 PM] info:	HTTP Access Log
[2024-11-16 06:16:09.100 PM] info:	@@ EVENTS fetched successfully
[2024-11-16 06:16:09.102 PM] info:	HTTP Access Log
[2024-11-16 06:16:09.106 PM] info:	@@ EVENTS fetched successfully
[2024-11-16 06:16:09.108 PM] info:	HTTP Access Log
[2024-11-16 06:16:09.115 PM] info:	@@ EVENTS fetched successfully
[2024-11-16 06:16:09.116 PM] info:	HTTP Access Log
[2024-11-16 06:16:09.117 PM] info:	@@ EVENTS fetched successfully
[2024-11-16 06:16:09.119 PM] info:	HTTP Access Log
[2024-11-16 06:16:09.293 PM] info:	@@ Events count fetched successfully
[2024-11-16 06:16:09.294 PM] info:	HTTP Access Log
[2024-11-16 06:16:09.296 PM] info:	@@ Events count fetched successfully
[2024-11-16 06:16:09.297 PM] info:	HTTP Access Log
[2024-11-16 06:16:09.305 PM] info:	@@ Events count fetched successfully
[2024-11-16 06:16:09.306 PM] info:	HTTP Access Log
[2024-11-16 06:16:09.309 PM] info:	@@ Events count fetched successfully
[2024-11-16 06:16:09.310 PM] info:	HTTP Access Log
[2024-11-16 06:16:09.481 PM] info:	@@ EVENTS fetched successfully
[2024-11-16 06:16:09.482 PM] info:	HTTP Access Log
[2024-11-16 06:16:09.484 PM] info:	@@ EVENTS fetched successfully
[2024-11-16 06:16:09.485 PM] info:	HTTP Access Log
[2024-11-16 06:16:09.490 PM] info:	HTTP Access Log
[2024-11-16 06:16:09.670 PM] info:	@@ Events count fetched successfully
[2024-11-16 06:16:10.040 PM] info:	@@ EVENTS fetched successfully
[2024-11-16 06:16:10.042 PM] info:	HTTP Access Log
[2024-11-16 06:16:10.046 PM] info:	@@ EVENTS fetched successfully
[2024-11-16 06:16:10.047 PM] info:	HTTP Access Log
[2024-11-16 06:16:10.055 PM] info:	@@ EVENTS fetched successfully
[2024-11-16 06:16:10.056 PM] info:	HTTP Access Log
[2024-11-16 06:16:10.058 PM] info:	@@ EVENTS fetched successfully
[2024-11-16 06:16:10.059 PM] info:	HTTP Access Log
[2024-11-16 06:16:10.232 PM] info:	@@ Events count fetched successfully
[2024-11-16 06:16:10.234 PM] info:	HTTP Access Log
[2024-11-16 06:16:10.234 PM] info:	@@ Events count fetched successfully
[2024-11-16 06:16:10.235 PM] info:	HTTP Access Log
[2024-11-16 06:16:10.249 PM] info:	@@ Events count fetched successfully
[2024-11-16 06:16:10.250 PM] info:	HTTP Access Log
[2024-11-16 06:16:10.251 PM] info:	@@ Events count fetched successfully
[2024-11-16 06:16:10.252 PM] info:	HTTP Access Log
[2024-11-16 06:16:10.426 PM] info:	@@ EVENTS fetched successfully
[2024-11-16 06:16:10.427 PM] info:	HTTP Access Log
[2024-11-16 06:16:10.613 PM] info:	@@ Events count fetched successfully
[2024-11-16 06:16:10.614 PM] info:	HTTP Access Log
[2024-11-16 06:17:19.381 PM] info:	@@ EVENTS fetched successfully
[2024-11-16 06:17:19.382 PM] info:	HTTP Access Log
[2024-11-16 06:17:19.385 PM] info:	@@ EVENTS fetched successfully
[2024-11-16 06:17:19.386 PM] info:	HTTP Access Log
[2024-11-16 06:17:19.389 PM] info:	@@ EVENTS fetched successfully
[2024-11-16 06:17:19.390 PM] info:	HTTP Access Log
[2024-11-16 06:17:19.393 PM] info:	@@ EVENTS fetched successfully
[2024-11-16 06:17:19.393 PM] info:	HTTP Access Log
[2024-11-16 06:17:19.569 PM] info:	@@ Events count fetched successfully
[2024-11-16 06:17:19.571 PM] info:	HTTP Access Log
[2024-11-16 06:17:19.573 PM] info:	@@ Events count fetched successfully
[2024-11-16 06:17:19.574 PM] info:	HTTP Access Log
[2024-11-16 06:17:19.582 PM] info:	@@ Events count fetched successfully
[2024-11-16 06:17:19.583 PM] info:	HTTP Access Log
[2024-11-16 06:17:19.584 PM] info:	@@ Events count fetched successfully
[2024-11-16 06:17:19.585 PM] info:	HTTP Access Log
[2024-11-16 06:17:19.761 PM] info:	@@ EVENTS fetched successfully
[2024-11-16 06:17:19.762 PM] info:	HTTP Access Log
[2024-11-16 06:17:19.774 PM] info:	@@ EVENTS fetched successfully
[2024-11-16 06:17:19.775 PM] info:	HTTP Access Log
[2024-11-16 06:17:19.950 PM] info:	@@ Events count fetched successfully
[2024-11-16 06:17:19.951 PM] info:	HTTP Access Log
[2024-11-16 06:17:19.962 PM] info:	@@ Events count fetched successfully
[2024-11-16 06:17:19.964 PM] info:	HTTP Access Log
[2024-11-16 06:19:57.047 PM] info:	@@ Notifications fetched successfully
[2024-11-16 06:19:57.048 PM] info:	HTTP Access Log
[2024-11-16 06:19:57.053 PM] info:	@@ Notifications fetched successfully
[2024-11-16 06:19:57.054 PM] info:	HTTP Access Log
[2024-11-16 06:19:57.238 PM] info:	@@ 0 Notification fetched successfully
[2024-11-16 06:19:57.239 PM] info:	HTTP Access Log
[2024-11-16 06:19:57.241 PM] info:	@@ 0 Notification fetched successfully
[2024-11-16 06:19:57.241 PM] info:	HTTP Access Log
[2024-11-16 06:19:57.274 PM] info:	@@ Notifications marked as seen
[2024-11-16 06:19:57.277 PM] info:	@@ Notifications marked as seen
[2024-11-16 06:36:59.812 PM] info:	@@ User found successfully
[2024-11-16 06:36:59.813 PM] info:	HTTP Access Log
[2024-11-16 06:36:59.822 PM] info:	@@ User found successfully
[2024-11-16 06:36:59.824 PM] info:	HTTP Access Log
[2024-11-16 06:40:33.385 PM] info:	@@ User found successfully
[2024-11-16 06:40:33.386 PM] info:	HTTP Access Log
[2024-11-16 06:40:33.390 PM] info:	@@ User found successfully
[2024-11-16 06:40:33.392 PM] info:	HTTP Access Log
[2024-11-16 06:40:34.298 PM] info:	@@ User found successfully
[2024-11-16 06:40:34.300 PM] info:	HTTP Access Log
[2024-11-16 06:40:34.301 PM] info:	@@ User found successfully
[2024-11-16 06:40:34.303 PM] info:	HTTP Access Log
[2024-11-16 06:42:40.424 PM] info:	@@ User found successfully
[2024-11-16 06:42:40.425 PM] info:	HTTP Access Log
[2024-11-16 06:42:40.426 PM] info:	@@ User found successfully
[2024-11-16 06:42:40.427 PM] info:	HTTP Access Log
[2024-11-16 06:42:41.388 PM] info:	@@ User found successfully
[2024-11-16 06:42:41.389 PM] info:	HTTP Access Log
[2024-11-16 06:42:41.390 PM] info:	@@ User found successfully
[2024-11-16 06:42:41.392 PM] info:	HTTP Access Log
[2024-11-16 06:42:53.835 PM] info:	@@ User found successfully
[2024-11-16 06:42:53.836 PM] info:	HTTP Access Log
[2024-11-16 06:42:53.836 PM] info:	@@ User found successfully
[2024-11-16 06:42:53.837 PM] info:	HTTP Access Log
[2024-11-16 06:42:58.061 PM] info:	@@ User found successfully
[2024-11-16 06:42:58.063 PM] info:	HTTP Access Log
[2024-11-16 06:42:58.064 PM] info:	@@ User found successfully
[2024-11-16 06:42:58.066 PM] info:	HTTP Access Log
[2024-11-16 06:43:28.265 PM] info:	@@ User found successfully
[2024-11-16 06:43:28.267 PM] info:	HTTP Access Log
[2024-11-16 06:43:28.269 PM] info:	@@ User found successfully
[2024-11-16 06:43:28.270 PM] info:	HTTP Access Log
[2024-11-16 06:43:30.784 PM] info:	@@ User found successfully
[2024-11-16 06:43:30.784 PM] info:	HTTP Access Log
[2024-11-16 06:43:30.796 PM] info:	@@ User found successfully
[2024-11-16 06:43:30.797 PM] info:	HTTP Access Log
[2024-11-16 06:43:51.992 PM] info:	@@ User found successfully
[2024-11-16 06:43:51.993 PM] info:	HTTP Access Log
[2024-11-16 06:43:51.995 PM] info:	@@ User found successfully
[2024-11-16 06:43:51.997 PM] info:	HTTP Access Log
[2024-11-16 06:49:24.430 PM] info:	@@ User found successfully
[2024-11-16 06:49:24.431 PM] info:	HTTP Access Log
[2024-11-16 06:49:24.441 PM] info:	@@ User found successfully
[2024-11-16 06:49:24.442 PM] info:	HTTP Access Log
[2024-11-16 06:50:29.111 PM] info:	@@ User found successfully
[2024-11-16 06:50:29.112 PM] info:	HTTP Access Log
[2024-11-16 06:50:29.113 PM] info:	@@ User found successfully
[2024-11-16 06:50:29.114 PM] info:	HTTP Access Log
[2024-11-16 06:53:52.429 PM] info:	@@ User found successfully
[2024-11-16 06:53:52.431 PM] info:	HTTP Access Log
[2024-11-16 06:53:52.464 PM] info:	@@ User found successfully
[2024-11-16 06:53:52.465 PM] info:	HTTP Access Log
[2024-11-16 06:55:38.849 PM] info:	@@ User found successfully
[2024-11-16 06:55:38.851 PM] info:	HTTP Access Log
[2024-11-16 06:55:38.872 PM] info:	@@ User found successfully
[2024-11-16 06:55:38.873 PM] info:	HTTP Access Log
[2024-11-16 06:57:19.223 PM] info:	@@ User found successfully
[2024-11-16 06:57:19.225 PM] info:	HTTP Access Log
[2024-11-16 06:57:19.239 PM] info:	@@ User found successfully
[2024-11-16 06:57:19.241 PM] info:	HTTP Access Log
[2024-11-16 06:58:06.680 PM] info:	@@ EVENTS fetched successfully
[2024-11-16 06:58:06.682 PM] info:	HTTP Access Log
[2024-11-16 06:58:06.693 PM] info:	@@ EVENTS fetched successfully
[2024-11-16 06:58:06.694 PM] info:	HTTP Access Log
[2024-11-16 06:58:06.698 PM] info:	@@ EVENTS fetched successfully
[2024-11-16 06:58:06.699 PM] info:	HTTP Access Log
[2024-11-16 06:58:06.701 PM] info:	@@ EVENTS fetched successfully
[2024-11-16 06:58:06.703 PM] info:	HTTP Access Log
[2024-11-16 06:58:07.501 PM] info:	@@ Events count fetched successfully
[2024-11-16 06:58:07.503 PM] info:	HTTP Access Log
[2024-11-16 06:58:07.542 PM] info:	@@ Events count fetched successfully
[2024-11-16 06:58:07.544 PM] info:	HTTP Access Log
[2024-11-16 06:58:07.555 PM] info:	@@ Events count fetched successfully
[2024-11-16 06:58:07.556 PM] info:	HTTP Access Log
[2024-11-16 06:58:07.558 PM] info:	@@ Events count fetched successfully
[2024-11-16 06:58:07.559 PM] info:	HTTP Access Log
[2024-11-16 06:58:07.825 PM] info:	@@ EVENTS fetched successfully
[2024-11-16 06:58:07.827 PM] info:	HTTP Access Log
[2024-11-16 06:58:08.075 PM] info:	@@ Events count fetched successfully
[2024-11-16 06:58:08.076 PM] info:	HTTP Access Log
[2024-11-16 07:00:23.609 PM] info:	@@ User found successfully
[2024-11-16 07:00:23.611 PM] info:	HTTP Access Log
[2024-11-16 07:00:23.623 PM] info:	@@ User found successfully
[2024-11-16 07:00:23.624 PM] info:	HTTP Access Log
[2024-11-16 07:00:25.173 PM] info:	@@ User found successfully
[2024-11-16 07:00:25.176 PM] info:	HTTP Access Log
[2024-11-16 07:00:25.200 PM] info:	@@ User found successfully
[2024-11-16 07:00:25.202 PM] info:	HTTP Access Log
[2024-11-16 07:00:47.671 PM] info:	@@ User found successfully
[2024-11-16 07:00:47.672 PM] info:	HTTP Access Log
[2024-11-16 07:00:56.050 PM] info:	@@ User found successfully
[2024-11-16 07:00:56.051 PM] info:	HTTP Access Log
[2024-11-16 07:00:56.067 PM] info:	@@ User found successfully
[2024-11-16 07:00:56.068 PM] info:	HTTP Access Log
[2024-11-16 07:00:58.334 PM] info:	@@ User found successfully
[2024-11-16 07:00:58.335 PM] info:	HTTP Access Log
[2024-11-16 07:00:58.358 PM] info:	@@ User found successfully
[2024-11-16 07:00:58.362 PM] info:	HTTP Access Log
[2024-11-16 07:02:36.253 PM] info:	@@ User found successfully
[2024-11-16 07:02:36.255 PM] info:	HTTP Access Log
[2024-11-16 07:02:36.303 PM] info:	@@ User found successfully
[2024-11-16 07:02:36.306 PM] info:	HTTP Access Log
[2024-11-16 07:06:43.013 PM] info:	@@ User found successfully
[2024-11-16 07:06:43.015 PM] info:	HTTP Access Log
[2024-11-16 07:06:43.063 PM] info:	@@ User found successfully
[2024-11-16 07:06:43.064 PM] info:	HTTP Access Log
[2024-11-16 07:07:13.941 PM] info:	@@ User found successfully
[2024-11-16 07:07:13.942 PM] info:	HTTP Access Log
[2024-11-16 07:07:13.946 PM] info:	@@ User found successfully
[2024-11-16 07:07:13.947 PM] info:	HTTP Access Log
[2024-11-16 11:28:38.396 PM] info:	@@ Server started on http://localhost:5000
[2024-11-16 11:28:40.623 PM] info:	@@ MONGO Database Connected
[2024-11-16 11:28:40.838 PM] info:	@@ User found successfully
[2024-11-16 11:28:40.844 PM] info:	HTTP Access Log
[2024-11-16 11:28:41.836 PM] info:	@@ User found successfully
[2024-11-16 11:28:41.839 PM] info:	HTTP Access Log
[2024-11-16 11:43:50.092 PM] info:	@@ User found successfully
[2024-11-16 11:43:50.094 PM] info:	HTTP Access Log
[2024-11-16 11:43:50.097 PM] info:	@@ User found successfully
[2024-11-16 11:43:50.100 PM] info:	HTTP Access Log
[2024-11-16 11:51:47.688 PM] info:	@@ User found successfully
[2024-11-16 11:51:47.690 PM] info:	HTTP Access Log
[2024-11-16 11:51:47.691 PM] info:	@@ User found successfully
[2024-11-16 11:51:47.693 PM] info:	HTTP Access Log
[2024-11-16 11:51:48.892 PM] info:	@@ User found successfully
[2024-11-16 11:51:48.894 PM] info:	HTTP Access Log
[2024-11-16 11:51:48.895 PM] info:	@@ User found successfully
[2024-11-16 11:51:48.896 PM] info:	HTTP Access Log
[2024-11-16 11:51:51.073 PM] info:	@@ User found successfully
[2024-11-16 11:51:51.075 PM] info:	HTTP Access Log
[2024-11-16 11:51:51.077 PM] info:	@@ User found successfully
[2024-11-16 11:51:51.079 PM] info:	HTTP Access Log
[2024-11-16 11:51:52.724 PM] info:	@@ User found successfully
[2024-11-16 11:51:52.725 PM] info:	HTTP Access Log
[2024-11-16 11:51:52.729 PM] info:	@@ User found successfully
[2024-11-16 11:51:52.730 PM] info:	HTTP Access Log
