[2024-11-17 09:19:29.957 AM] error:	@@ Invalid password please try again.
[2024-11-17 09:24:36.764 AM] error:	@@ Invalid password please try again.
[2024-11-17 09:25:37.883 AM] error:	@@ Invalid password please try again.
[2024-11-17 09:26:01.834 AM] error:	@@ Invalid password please try again.
[2024-11-17 09:28:02.808 AM] error:	@@ Email not found
[2024-11-17 09:42:49.358 AM] error:	@@ Email not found
[2024-11-17 09:43:22.091 AM] error:	@@ Email not found
[2024-11-17 09:46:15.071 AM] error:	@@ Email not found
[2024-11-17 09:47:05.924 AM] error:	@@ Email not found
[2024-11-17 09:47:44.937 AM] error:	@@ Email not found
[2024-11-17 09:48:31.154 AM] error:	@@ Email not found
[2024-11-17 09:51:06.874 AM] error:	@@ Invalid password please try again.
[2024-11-17 09:53:30.008 AM] error:	@@ Email not found
[2024-11-17 09:53:48.537 AM] error:	@@ Email not found
[2024-11-17 09:54:49.518 AM] error:	@@ Email not found
[2024-11-17 09:56:14.632 AM] error:	@@ Email not found
[2024-11-17 09:57:08.277 AM] error:	@@ Email not found
[2024-11-17 09:57:45.313 AM] error:	@@ Email not found
[2024-11-17 09:58:19.722 AM] error:	@@ Email not found
[2024-11-17 09:58:42.783 AM] error:	@@ Email not found
[2024-11-17 09:59:17.744 AM] error:	@@ Email not found
[2024-11-17 09:59:56.228 AM] error:	@@ Email not found
[2024-11-17 10:00:50.149 AM] error:	@@ Email not found
[2024-11-17 10:01:30.866 AM] error:	@@ Email not found
[2024-11-17 10:01:46.019 AM] error:	@@ Email not found
[2024-11-17 10:02:17.179 AM] error:	@@ Email not found
[2024-11-17 10:03:13.361 AM] error:	@@ Email not found
[2024-11-17 10:03:22.385 AM] error:	@@ Email not found
[2024-11-17 10:03:36.590 AM] error:	@@ Invalid password please try again.
[2024-11-17 10:03:45.008 AM] error:	@@ Invalid password please try again.
[2024-11-17 10:05:16.163 AM] error:	@@ Email not found
[2024-11-17 10:13:17.421 AM] error:	@@ Email not found
[2024-11-17 10:13:29.925 AM] error:	@@ Email not found
[2024-11-17 10:14:14.822 AM] error:	@@ Invalid password please try again.
[2024-11-17 01:32:16.400 PM] error:	unhandledRejection: Error deleting file
Error: Error deleting file
    at C:\Users\Prime_Legion\Desktop\Work\ono\server\middlewares\deleteFileFromUploadthing.ts:9:11
    at Generator.throw (<anonymous>)
    at rejected (C:\Users\Prime_Legion\Desktop\Work\ono\server\middlewares\deleteFileFromUploadthing.ts:6:65)
    at processTicksAndRejections (node:internal/process/task_queues:95:5)
[2024-11-17 01:33:40.929 PM] error:	unhandledRejection: Error deleting file
Error: Error deleting file
    at C:\Users\Prime_Legion\Desktop\Work\ono\server\utils\deleteFiles.ts:9:11
    at Generator.throw (<anonymous>)
    at rejected (C:\Users\Prime_Legion\Desktop\Work\ono\server\utils\deleteFiles.ts:6:65)
    at processTicksAndRejections (node:internal/process/task_queues:95:5)
[2024-11-17 01:34:32.434 PM] error:	unhandledRejection: Error deleting file
Error: Error deleting file
    at C:\Users\Prime_Legion\Desktop\Work\ono\server\utils\deleteFiles.ts:9:11
    at Generator.throw (<anonymous>)
    at rejected (C:\Users\Prime_Legion\Desktop\Work\ono\server\utils\deleteFiles.ts:6:65)
    at processTicksAndRejections (node:internal/process/task_queues:95:5)
[2024-11-17 02:59:37.742 PM] error:	@@ Invalid password please try again.
[2024-11-17 02:59:42.100 PM] error:	@@ Invalid password please try again.
