[2024-12-03 06:53:30.848 AM] error:	@@ Invalid password please try again.
[2024-12-03 07:43:22.332 AM] error:	@@ Invalid password please try again.
[2024-12-03 07:43:45.421 AM] error:	@@ Invalid password please try again.
[2024-12-03 08:19:05.279 AM] error:	@@ Invalid password please try again.
[2024-12-03 08:24:51.771 AM] error:	@@ Invalid password please try again.
[2024-12-03 08:25:05.145 AM] error:	@@ Invalid password please try again.
[2024-12-03 08:25:34.069 AM] error:	@@ Invalid password please try again.
[2024-12-03 08:27:02.773 AM] error:	@@ Invalid password please try again.
[2024-12-03 08:29:05.316 AM] error:	@@ Invalid password please try again.
[2024-12-03 08:29:45.381 AM] error:	@@ Invalid password please try again.
[2024-12-03 08:30:22.314 AM] error:	@@ Invalid password please try again.
[2024-12-03 08:32:27.789 AM] error:	@@ Invalid password please try again.
[2024-12-03 08:33:42.988 AM] error:	@@ Invalid password please try again.
[2024-12-03 08:36:23.687 AM] error:	@@ Invalid password please try again.
[2024-12-03 08:40:18.579 AM] error:	@@ Invalid password please try again.
[2024-12-03 08:40:34.204 AM] error:	@@ Invalid password please try again.
[2024-12-03 08:43:51.919 AM] error:	@@ Email not found
[2024-12-03 08:44:25.579 AM] error:	@@ Email not found
[2024-12-03 08:46:30.070 AM] error:	@@ Invalid password please try again.
[2024-12-03 08:47:02.189 AM] error:	@@ Invalid password please try again.
[2024-12-03 08:53:48.554 AM] error:	@@ Invalid password please try again.
[2024-12-03 09:31:01.761 AM] error:	@@ Invalid password please try again.
[2024-12-03 01:19:02.542 PM] error:	uncaughtException: me is not defined
ReferenceError: me is not defined
    at file:///C:/Users/Prime_Legion/Desktop/Work/ono/server/controllers/authController.js:60:29
    at ModuleJob.run (node:internal/modules/esm/module_job:217:25)
    at async ModuleLoader.import (node:internal/modules/esm/loader:316:24)
    at async loadESM (node:internal/process/esm_loader:34:7)
    at async handleMainPromise (node:internal/modules/run_main:66:12)
[2024-12-03 01:20:01.739 PM] error:	@@ Something went wrong: TypeError: Cannot read properties of undefined (reading 'username')
[2024-12-03 01:20:01.760 PM] error:	unhandledRejection: next is not defined
ReferenceError: next is not defined
    at me (file:///C:/Users/Prime_Legion/Desktop/Work/ono/server/routes/authRoutes.js:176:5)
    at Layer.handle [as handle_request] (C:\Users\Prime_Legion\Desktop\Work\ono\server\node_modules\express\lib\router\layer.js:95:5)
    at next (C:\Users\Prime_Legion\Desktop\Work\ono\server\node_modules\express\lib\router\route.js:149:13)
    at verifyJWT (file:///C:/Users/Prime_Legion/Desktop/Work/ono/server/utils/verifyJWT.js:34:5)
    at Layer.handle [as handle_request] (C:\Users\Prime_Legion\Desktop\Work\ono\server\node_modules\express\lib\router\layer.js:95:5)
    at next (C:\Users\Prime_Legion\Desktop\Work\ono\server\node_modules\express\lib\router\route.js:149:13)
    at Route.dispatch (C:\Users\Prime_Legion\Desktop\Work\ono\server\node_modules\express\lib\router\route.js:119:3)
    at Layer.handle [as handle_request] (C:\Users\Prime_Legion\Desktop\Work\ono\server\node_modules\express\lib\router\layer.js:95:5)
    at C:\Users\Prime_Legion\Desktop\Work\ono\server\node_modules\express\lib\router\index.js:284:15
    at Function.process_params (C:\Users\Prime_Legion\Desktop\Work\ono\server\node_modules\express\lib\router\index.js:346:12)
[2024-12-03 01:20:01.781 PM] error:	unhandledRejection: tokens validation failed: user: Path `user` is required.
ValidationError: tokens validation failed: user: Path `user` is required.
    at Document.invalidate (C:\Users\Prime_Legion\Desktop\Work\ono\server\node_modules\mongoose\lib\document.js:3318:32)
    at C:\Users\Prime_Legion\Desktop\Work\ono\server\node_modules\mongoose\lib\document.js:3079:17
    at C:\Users\Prime_Legion\Desktop\Work\ono\server\node_modules\mongoose\lib\schemaType.js:1388:9
    at process.processTicksAndRejections (node:internal/process/task_queues:77:11)
[2024-12-03 01:22:49.956 PM] error:	@@ Something went wrong: TypeError: Cannot read properties of undefined (reading 'username')
[2024-12-03 01:22:49.960 PM] error:	unhandledRejection: next is not defined
ReferenceError: next is not defined
    at me (file:///C:/Users/Prime_Legion/Desktop/Work/ono/server/routes/authRoutes.js:176:5)
    at Layer.handle [as handle_request] (C:\Users\Prime_Legion\Desktop\Work\ono\server\node_modules\express\lib\router\layer.js:95:5)
    at next (C:\Users\Prime_Legion\Desktop\Work\ono\server\node_modules\express\lib\router\route.js:149:13)
    at verifyJWT (file:///C:/Users/Prime_Legion/Desktop/Work/ono/server/utils/verifyJWT.js:34:5)
    at Layer.handle [as handle_request] (C:\Users\Prime_Legion\Desktop\Work\ono\server\node_modules\express\lib\router\layer.js:95:5)
    at next (C:\Users\Prime_Legion\Desktop\Work\ono\server\node_modules\express\lib\router\route.js:149:13)
    at Route.dispatch (C:\Users\Prime_Legion\Desktop\Work\ono\server\node_modules\express\lib\router\route.js:119:3)
    at Layer.handle [as handle_request] (C:\Users\Prime_Legion\Desktop\Work\ono\server\node_modules\express\lib\router\layer.js:95:5)
    at C:\Users\Prime_Legion\Desktop\Work\ono\server\node_modules\express\lib\router\index.js:284:15
    at Function.process_params (C:\Users\Prime_Legion\Desktop\Work\ono\server\node_modules\express\lib\router\index.js:346:12)
[2024-12-03 01:22:49.970 PM] error:	unhandledRejection: tokens validation failed: user: Path `user` is required.
ValidationError: tokens validation failed: user: Path `user` is required.
    at Document.invalidate (C:\Users\Prime_Legion\Desktop\Work\ono\server\node_modules\mongoose\lib\document.js:3318:32)
    at C:\Users\Prime_Legion\Desktop\Work\ono\server\node_modules\mongoose\lib\document.js:3079:17
    at C:\Users\Prime_Legion\Desktop\Work\ono\server\node_modules\mongoose\lib\schemaType.js:1388:9
    at process.processTicksAndRejections (node:internal/process/task_queues:77:11)
[2024-12-03 01:22:55.438 PM] error:	@@ Something went wrong: TypeError: Cannot read properties of undefined (reading 'username')
[2024-12-03 01:22:55.443 PM] error:	unhandledRejection: next is not defined
ReferenceError: next is not defined
    at me (file:///C:/Users/Prime_Legion/Desktop/Work/ono/server/routes/authRoutes.js:176:5)
    at Layer.handle [as handle_request] (C:\Users\Prime_Legion\Desktop\Work\ono\server\node_modules\express\lib\router\layer.js:95:5)
    at next (C:\Users\Prime_Legion\Desktop\Work\ono\server\node_modules\express\lib\router\route.js:149:13)
    at verifyJWT (file:///C:/Users/Prime_Legion/Desktop/Work/ono/server/utils/verifyJWT.js:34:5)
    at Layer.handle [as handle_request] (C:\Users\Prime_Legion\Desktop\Work\ono\server\node_modules\express\lib\router\layer.js:95:5)
    at next (C:\Users\Prime_Legion\Desktop\Work\ono\server\node_modules\express\lib\router\route.js:149:13)
    at Route.dispatch (C:\Users\Prime_Legion\Desktop\Work\ono\server\node_modules\express\lib\router\route.js:119:3)
    at Layer.handle [as handle_request] (C:\Users\Prime_Legion\Desktop\Work\ono\server\node_modules\express\lib\router\layer.js:95:5)
    at C:\Users\Prime_Legion\Desktop\Work\ono\server\node_modules\express\lib\router\index.js:284:15
    at Function.process_params (C:\Users\Prime_Legion\Desktop\Work\ono\server\node_modules\express\lib\router\index.js:346:12)
[2024-12-03 01:22:55.449 PM] error:	unhandledRejection: tokens validation failed: user: Path `user` is required.
ValidationError: tokens validation failed: user: Path `user` is required.
    at Document.invalidate (C:\Users\Prime_Legion\Desktop\Work\ono\server\node_modules\mongoose\lib\document.js:3318:32)
    at C:\Users\Prime_Legion\Desktop\Work\ono\server\node_modules\mongoose\lib\document.js:3079:17
    at C:\Users\Prime_Legion\Desktop\Work\ono\server\node_modules\mongoose\lib\schemaType.js:1388:9
    at process.processTicksAndRejections (node:internal/process/task_queues:77:11)
[2024-12-03 01:23:13.465 PM] error:	@@ Something went wrong: TypeError: Cannot read properties of undefined (reading 'username')
[2024-12-03 01:23:13.468 PM] error:	unhandledRejection: next is not defined
ReferenceError: next is not defined
    at me (file:///C:/Users/Prime_Legion/Desktop/Work/ono/server/routes/authRoutes.js:176:5)
    at Layer.handle [as handle_request] (C:\Users\Prime_Legion\Desktop\Work\ono\server\node_modules\express\lib\router\layer.js:95:5)
    at next (C:\Users\Prime_Legion\Desktop\Work\ono\server\node_modules\express\lib\router\route.js:149:13)
    at verifyJWT (file:///C:/Users/Prime_Legion/Desktop/Work/ono/server/utils/verifyJWT.js:34:5)
    at Layer.handle [as handle_request] (C:\Users\Prime_Legion\Desktop\Work\ono\server\node_modules\express\lib\router\layer.js:95:5)
    at next (C:\Users\Prime_Legion\Desktop\Work\ono\server\node_modules\express\lib\router\route.js:149:13)
    at Route.dispatch (C:\Users\Prime_Legion\Desktop\Work\ono\server\node_modules\express\lib\router\route.js:119:3)
    at Layer.handle [as handle_request] (C:\Users\Prime_Legion\Desktop\Work\ono\server\node_modules\express\lib\router\layer.js:95:5)
    at C:\Users\Prime_Legion\Desktop\Work\ono\server\node_modules\express\lib\router\index.js:284:15
    at Function.process_params (C:\Users\Prime_Legion\Desktop\Work\ono\server\node_modules\express\lib\router\index.js:346:12)
[2024-12-03 01:23:13.477 PM] error:	unhandledRejection: tokens validation failed: user: Path `user` is required.
ValidationError: tokens validation failed: user: Path `user` is required.
    at Document.invalidate (C:\Users\Prime_Legion\Desktop\Work\ono\server\node_modules\mongoose\lib\document.js:3318:32)
    at C:\Users\Prime_Legion\Desktop\Work\ono\server\node_modules\mongoose\lib\document.js:3079:17
    at C:\Users\Prime_Legion\Desktop\Work\ono\server\node_modules\mongoose\lib\schemaType.js:1388:9
    at process.processTicksAndRejections (node:internal/process/task_queues:77:11)
[2024-12-03 01:27:48.367 PM] error:	@@ Something went wrong: TypeError: Cannot read properties of undefined (reading 'username')
[2024-12-03 01:27:48.371 PM] error:	unhandledRejection: next is not defined
ReferenceError: next is not defined
    at me (file:///C:/Users/Prime_Legion/Desktop/Work/ono/server/routes/authRoutes.js:176:5)
    at Layer.handle [as handle_request] (C:\Users\Prime_Legion\Desktop\Work\ono\server\node_modules\express\lib\router\layer.js:95:5)
    at next (C:\Users\Prime_Legion\Desktop\Work\ono\server\node_modules\express\lib\router\route.js:149:13)
    at verifyJWT (file:///C:/Users/Prime_Legion/Desktop/Work/ono/server/utils/verifyJWT.js:34:5)
    at Layer.handle [as handle_request] (C:\Users\Prime_Legion\Desktop\Work\ono\server\node_modules\express\lib\router\layer.js:95:5)
    at next (C:\Users\Prime_Legion\Desktop\Work\ono\server\node_modules\express\lib\router\route.js:149:13)
    at Route.dispatch (C:\Users\Prime_Legion\Desktop\Work\ono\server\node_modules\express\lib\router\route.js:119:3)
    at Layer.handle [as handle_request] (C:\Users\Prime_Legion\Desktop\Work\ono\server\node_modules\express\lib\router\layer.js:95:5)
    at C:\Users\Prime_Legion\Desktop\Work\ono\server\node_modules\express\lib\router\index.js:284:15
    at Function.process_params (C:\Users\Prime_Legion\Desktop\Work\ono\server\node_modules\express\lib\router\index.js:346:12)
[2024-12-03 01:27:48.378 PM] error:	unhandledRejection: tokens validation failed: user: Path `user` is required.
ValidationError: tokens validation failed: user: Path `user` is required.
    at Document.invalidate (C:\Users\Prime_Legion\Desktop\Work\ono\server\node_modules\mongoose\lib\document.js:3318:32)
    at C:\Users\Prime_Legion\Desktop\Work\ono\server\node_modules\mongoose\lib\document.js:3079:17
    at C:\Users\Prime_Legion\Desktop\Work\ono\server\node_modules\mongoose\lib\schemaType.js:1388:9
    at process.processTicksAndRejections (node:internal/process/task_queues:77:11)
[2024-12-03 01:29:12.706 PM] error:	@@ Something went wrong: TypeError: Cannot read properties of undefined (reading 'username')
[2024-12-03 01:29:12.711 PM] error:	unhandledRejection: next is not defined
ReferenceError: next is not defined
    at me (file:///C:/Users/Prime_Legion/Desktop/Work/ono/server/routes/authRoutes.js:176:5)
    at Layer.handle [as handle_request] (C:\Users\Prime_Legion\Desktop\Work\ono\server\node_modules\express\lib\router\layer.js:95:5)
    at next (C:\Users\Prime_Legion\Desktop\Work\ono\server\node_modules\express\lib\router\route.js:149:13)
    at verifyJWT (file:///C:/Users/Prime_Legion/Desktop/Work/ono/server/utils/verifyJWT.js:34:5)
    at Layer.handle [as handle_request] (C:\Users\Prime_Legion\Desktop\Work\ono\server\node_modules\express\lib\router\layer.js:95:5)
    at next (C:\Users\Prime_Legion\Desktop\Work\ono\server\node_modules\express\lib\router\route.js:149:13)
    at Route.dispatch (C:\Users\Prime_Legion\Desktop\Work\ono\server\node_modules\express\lib\router\route.js:119:3)
    at Layer.handle [as handle_request] (C:\Users\Prime_Legion\Desktop\Work\ono\server\node_modules\express\lib\router\layer.js:95:5)
    at C:\Users\Prime_Legion\Desktop\Work\ono\server\node_modules\express\lib\router\index.js:284:15
    at Function.process_params (C:\Users\Prime_Legion\Desktop\Work\ono\server\node_modules\express\lib\router\index.js:346:12)
[2024-12-03 01:29:12.719 PM] error:	unhandledRejection: tokens validation failed: user: Path `user` is required.
ValidationError: tokens validation failed: user: Path `user` is required.
    at Document.invalidate (C:\Users\Prime_Legion\Desktop\Work\ono\server\node_modules\mongoose\lib\document.js:3318:32)
    at C:\Users\Prime_Legion\Desktop\Work\ono\server\node_modules\mongoose\lib\document.js:3079:17
    at C:\Users\Prime_Legion\Desktop\Work\ono\server\node_modules\mongoose\lib\schemaType.js:1388:9
    at process.processTicksAndRejections (node:internal/process/task_queues:77:11)
[2024-12-03 01:29:20.160 PM] error:	@@ Something went wrong: TypeError: Cannot read properties of undefined (reading 'username')
[2024-12-03 01:29:20.166 PM] error:	unhandledRejection: next is not defined
ReferenceError: next is not defined
    at me (file:///C:/Users/Prime_Legion/Desktop/Work/ono/server/routes/authRoutes.js:176:5)
    at Layer.handle [as handle_request] (C:\Users\Prime_Legion\Desktop\Work\ono\server\node_modules\express\lib\router\layer.js:95:5)
    at next (C:\Users\Prime_Legion\Desktop\Work\ono\server\node_modules\express\lib\router\route.js:149:13)
    at verifyJWT (file:///C:/Users/Prime_Legion/Desktop/Work/ono/server/utils/verifyJWT.js:34:5)
    at Layer.handle [as handle_request] (C:\Users\Prime_Legion\Desktop\Work\ono\server\node_modules\express\lib\router\layer.js:95:5)
    at next (C:\Users\Prime_Legion\Desktop\Work\ono\server\node_modules\express\lib\router\route.js:149:13)
    at Route.dispatch (C:\Users\Prime_Legion\Desktop\Work\ono\server\node_modules\express\lib\router\route.js:119:3)
    at Layer.handle [as handle_request] (C:\Users\Prime_Legion\Desktop\Work\ono\server\node_modules\express\lib\router\layer.js:95:5)
    at C:\Users\Prime_Legion\Desktop\Work\ono\server\node_modules\express\lib\router\index.js:284:15
    at Function.process_params (C:\Users\Prime_Legion\Desktop\Work\ono\server\node_modules\express\lib\router\index.js:346:12)
[2024-12-03 01:29:20.172 PM] error:	unhandledRejection: tokens validation failed: user: Path `user` is required.
ValidationError: tokens validation failed: user: Path `user` is required.
    at Document.invalidate (C:\Users\Prime_Legion\Desktop\Work\ono\server\node_modules\mongoose\lib\document.js:3318:32)
    at C:\Users\Prime_Legion\Desktop\Work\ono\server\node_modules\mongoose\lib\document.js:3079:17
    at C:\Users\Prime_Legion\Desktop\Work\ono\server\node_modules\mongoose\lib\schemaType.js:1388:9
    at process.processTicksAndRejections (node:internal/process/task_queues:77:11)
[2024-12-03 01:29:30.191 PM] error:	@@ Something went wrong: TypeError: Cannot read properties of undefined (reading 'username')
[2024-12-03 01:29:30.194 PM] error:	unhandledRejection: next is not defined
ReferenceError: next is not defined
    at me (file:///C:/Users/Prime_Legion/Desktop/Work/ono/server/routes/authRoutes.js:176:5)
    at Layer.handle [as handle_request] (C:\Users\Prime_Legion\Desktop\Work\ono\server\node_modules\express\lib\router\layer.js:95:5)
    at next (C:\Users\Prime_Legion\Desktop\Work\ono\server\node_modules\express\lib\router\route.js:149:13)
    at verifyJWT (file:///C:/Users/Prime_Legion/Desktop/Work/ono/server/utils/verifyJWT.js:34:5)
    at Layer.handle [as handle_request] (C:\Users\Prime_Legion\Desktop\Work\ono\server\node_modules\express\lib\router\layer.js:95:5)
    at next (C:\Users\Prime_Legion\Desktop\Work\ono\server\node_modules\express\lib\router\route.js:149:13)
    at Route.dispatch (C:\Users\Prime_Legion\Desktop\Work\ono\server\node_modules\express\lib\router\route.js:119:3)
    at Layer.handle [as handle_request] (C:\Users\Prime_Legion\Desktop\Work\ono\server\node_modules\express\lib\router\layer.js:95:5)
    at C:\Users\Prime_Legion\Desktop\Work\ono\server\node_modules\express\lib\router\index.js:284:15
    at Function.process_params (C:\Users\Prime_Legion\Desktop\Work\ono\server\node_modules\express\lib\router\index.js:346:12)
[2024-12-03 01:29:30.200 PM] error:	unhandledRejection: tokens validation failed: user: Path `user` is required.
ValidationError: tokens validation failed: user: Path `user` is required.
    at Document.invalidate (C:\Users\Prime_Legion\Desktop\Work\ono\server\node_modules\mongoose\lib\document.js:3318:32)
    at C:\Users\Prime_Legion\Desktop\Work\ono\server\node_modules\mongoose\lib\document.js:3079:17
    at C:\Users\Prime_Legion\Desktop\Work\ono\server\node_modules\mongoose\lib\schemaType.js:1388:9
    at process.processTicksAndRejections (node:internal/process/task_queues:77:11)
[2024-12-03 01:31:47.133 PM] error:	@@ Something went wrong: TypeError: Cannot read properties of undefined (reading 'username')
[2024-12-03 01:31:47.150 PM] error:	unhandledRejection: next is not defined
ReferenceError: next is not defined
    at me (file:///C:/Users/Prime_Legion/Desktop/Work/ono/server/routes/authRoutes.js:176:5)
    at Layer.handle [as handle_request] (C:\Users\Prime_Legion\Desktop\Work\ono\server\node_modules\express\lib\router\layer.js:95:5)
    at next (C:\Users\Prime_Legion\Desktop\Work\ono\server\node_modules\express\lib\router\route.js:149:13)
    at verifyJWT (file:///C:/Users/Prime_Legion/Desktop/Work/ono/server/utils/verifyJWT.js:34:5)
    at Layer.handle [as handle_request] (C:\Users\Prime_Legion\Desktop\Work\ono\server\node_modules\express\lib\router\layer.js:95:5)
    at next (C:\Users\Prime_Legion\Desktop\Work\ono\server\node_modules\express\lib\router\route.js:149:13)
    at Route.dispatch (C:\Users\Prime_Legion\Desktop\Work\ono\server\node_modules\express\lib\router\route.js:119:3)
    at Layer.handle [as handle_request] (C:\Users\Prime_Legion\Desktop\Work\ono\server\node_modules\express\lib\router\layer.js:95:5)
    at C:\Users\Prime_Legion\Desktop\Work\ono\server\node_modules\express\lib\router\index.js:284:15
    at Function.process_params (C:\Users\Prime_Legion\Desktop\Work\ono\server\node_modules\express\lib\router\index.js:346:12)
[2024-12-03 01:31:47.160 PM] error:	unhandledRejection: tokens validation failed: user: Path `user` is required.
ValidationError: tokens validation failed: user: Path `user` is required.
    at Document.invalidate (C:\Users\Prime_Legion\Desktop\Work\ono\server\node_modules\mongoose\lib\document.js:3318:32)
    at C:\Users\Prime_Legion\Desktop\Work\ono\server\node_modules\mongoose\lib\document.js:3079:17
    at C:\Users\Prime_Legion\Desktop\Work\ono\server\node_modules\mongoose\lib\schemaType.js:1388:9
    at process.processTicksAndRejections (node:internal/process/task_queues:77:11)
[2024-12-03 01:34:33.486 PM] error:	@@ Something went wrong: TypeError: Cannot read properties of undefined (reading 'username')
[2024-12-03 01:34:33.490 PM] error:	unhandledRejection: next is not defined
ReferenceError: next is not defined
    at me (file:///C:/Users/Prime_Legion/Desktop/Work/ono/server/routes/authRoutes.js:176:5)
    at Layer.handle [as handle_request] (C:\Users\Prime_Legion\Desktop\Work\ono\server\node_modules\express\lib\router\layer.js:95:5)
    at next (C:\Users\Prime_Legion\Desktop\Work\ono\server\node_modules\express\lib\router\route.js:149:13)
    at verifyJWT (file:///C:/Users/Prime_Legion/Desktop/Work/ono/server/utils/verifyJWT.js:34:5)
    at Layer.handle [as handle_request] (C:\Users\Prime_Legion\Desktop\Work\ono\server\node_modules\express\lib\router\layer.js:95:5)
    at next (C:\Users\Prime_Legion\Desktop\Work\ono\server\node_modules\express\lib\router\route.js:149:13)
    at Route.dispatch (C:\Users\Prime_Legion\Desktop\Work\ono\server\node_modules\express\lib\router\route.js:119:3)
    at Layer.handle [as handle_request] (C:\Users\Prime_Legion\Desktop\Work\ono\server\node_modules\express\lib\router\layer.js:95:5)
    at C:\Users\Prime_Legion\Desktop\Work\ono\server\node_modules\express\lib\router\index.js:284:15
    at Function.process_params (C:\Users\Prime_Legion\Desktop\Work\ono\server\node_modules\express\lib\router\index.js:346:12)
[2024-12-03 01:34:33.495 PM] error:	unhandledRejection: tokens validation failed: user: Path `user` is required.
ValidationError: tokens validation failed: user: Path `user` is required.
    at Document.invalidate (C:\Users\Prime_Legion\Desktop\Work\ono\server\node_modules\mongoose\lib\document.js:3318:32)
    at C:\Users\Prime_Legion\Desktop\Work\ono\server\node_modules\mongoose\lib\document.js:3079:17
    at C:\Users\Prime_Legion\Desktop\Work\ono\server\node_modules\mongoose\lib\schemaType.js:1388:9
    at process.processTicksAndRejections (node:internal/process/task_queues:77:11)
[2024-12-03 01:35:33.773 PM] error:	@@ Something went wrong: TypeError: Cannot read properties of undefined (reading '_id')
[2024-12-03 01:35:33.779 PM] error:	unhandledRejection: next is not defined
ReferenceError: next is not defined
    at me (file:///C:/Users/Prime_Legion/Desktop/Work/ono/server/routes/authRoutes.js:176:5)
    at Layer.handle [as handle_request] (C:\Users\Prime_Legion\Desktop\Work\ono\server\node_modules\express\lib\router\layer.js:95:5)
    at next (C:\Users\Prime_Legion\Desktop\Work\ono\server\node_modules\express\lib\router\route.js:149:13)
    at Route.dispatch (C:\Users\Prime_Legion\Desktop\Work\ono\server\node_modules\express\lib\router\route.js:119:3)
    at Layer.handle [as handle_request] (C:\Users\Prime_Legion\Desktop\Work\ono\server\node_modules\express\lib\router\layer.js:95:5)
    at C:\Users\Prime_Legion\Desktop\Work\ono\server\node_modules\express\lib\router\index.js:284:15
    at Function.process_params (C:\Users\Prime_Legion\Desktop\Work\ono\server\node_modules\express\lib\router\index.js:346:12)
    at next (C:\Users\Prime_Legion\Desktop\Work\ono\server\node_modules\express\lib\router\index.js:280:10)
    at Function.handle (C:\Users\Prime_Legion\Desktop\Work\ono\server\node_modules\express\lib\router\index.js:175:3)
    at router (C:\Users\Prime_Legion\Desktop\Work\ono\server\node_modules\express\lib\router\index.js:47:12)
[2024-12-03 01:35:48.203 PM] error:	@@ Something went wrong: TypeError: Cannot read properties of undefined (reading '_id')
[2024-12-03 01:35:48.208 PM] error:	unhandledRejection: next is not defined
ReferenceError: next is not defined
    at me (file:///C:/Users/Prime_Legion/Desktop/Work/ono/server/routes/authRoutes.js:176:5)
    at Layer.handle [as handle_request] (C:\Users\Prime_Legion\Desktop\Work\ono\server\node_modules\express\lib\router\layer.js:95:5)
    at next (C:\Users\Prime_Legion\Desktop\Work\ono\server\node_modules\express\lib\router\route.js:149:13)
    at Route.dispatch (C:\Users\Prime_Legion\Desktop\Work\ono\server\node_modules\express\lib\router\route.js:119:3)
    at Layer.handle [as handle_request] (C:\Users\Prime_Legion\Desktop\Work\ono\server\node_modules\express\lib\router\layer.js:95:5)
    at C:\Users\Prime_Legion\Desktop\Work\ono\server\node_modules\express\lib\router\index.js:284:15
    at Function.process_params (C:\Users\Prime_Legion\Desktop\Work\ono\server\node_modules\express\lib\router\index.js:346:12)
    at next (C:\Users\Prime_Legion\Desktop\Work\ono\server\node_modules\express\lib\router\index.js:280:10)
    at Function.handle (C:\Users\Prime_Legion\Desktop\Work\ono\server\node_modules\express\lib\router\index.js:175:3)
    at router (C:\Users\Prime_Legion\Desktop\Work\ono\server\node_modules\express\lib\router\index.js:47:12)
[2024-12-03 01:38:19.042 PM] error:	@@ Something went wrong: TypeError: Cannot read properties of undefined (reading '_id')
[2024-12-03 01:38:19.044 PM] error:	unhandledRejection: next is not defined
ReferenceError: next is not defined
    at me (file:///C:/Users/Prime_Legion/Desktop/Work/ono/server/routes/authRoutes.js:176:5)
    at Layer.handle [as handle_request] (C:\Users\Prime_Legion\Desktop\Work\ono\server\node_modules\express\lib\router\layer.js:95:5)
    at next (C:\Users\Prime_Legion\Desktop\Work\ono\server\node_modules\express\lib\router\route.js:149:13)
    at Route.dispatch (C:\Users\Prime_Legion\Desktop\Work\ono\server\node_modules\express\lib\router\route.js:119:3)
    at Layer.handle [as handle_request] (C:\Users\Prime_Legion\Desktop\Work\ono\server\node_modules\express\lib\router\layer.js:95:5)
    at C:\Users\Prime_Legion\Desktop\Work\ono\server\node_modules\express\lib\router\index.js:284:15
    at Function.process_params (C:\Users\Prime_Legion\Desktop\Work\ono\server\node_modules\express\lib\router\index.js:346:12)
    at next (C:\Users\Prime_Legion\Desktop\Work\ono\server\node_modules\express\lib\router\index.js:280:10)
    at Function.handle (C:\Users\Prime_Legion\Desktop\Work\ono\server\node_modules\express\lib\router\index.js:175:3)
    at router (C:\Users\Prime_Legion\Desktop\Work\ono\server\node_modules\express\lib\router\index.js:47:12)
[2024-12-03 01:39:15.655 PM] error:	@@ Something went wrong: TypeError: Cannot read properties of undefined (reading '_id')
[2024-12-03 01:39:15.659 PM] error:	unhandledRejection: next is not defined
ReferenceError: next is not defined
    at me (file:///C:/Users/Prime_Legion/Desktop/Work/ono/server/routes/authRoutes.js:176:5)
    at Layer.handle [as handle_request] (C:\Users\Prime_Legion\Desktop\Work\ono\server\node_modules\express\lib\router\layer.js:95:5)
    at next (C:\Users\Prime_Legion\Desktop\Work\ono\server\node_modules\express\lib\router\route.js:149:13)
    at Route.dispatch (C:\Users\Prime_Legion\Desktop\Work\ono\server\node_modules\express\lib\router\route.js:119:3)
    at Layer.handle [as handle_request] (C:\Users\Prime_Legion\Desktop\Work\ono\server\node_modules\express\lib\router\layer.js:95:5)
    at C:\Users\Prime_Legion\Desktop\Work\ono\server\node_modules\express\lib\router\index.js:284:15
    at Function.process_params (C:\Users\Prime_Legion\Desktop\Work\ono\server\node_modules\express\lib\router\index.js:346:12)
    at next (C:\Users\Prime_Legion\Desktop\Work\ono\server\node_modules\express\lib\router\index.js:280:10)
    at Function.handle (C:\Users\Prime_Legion\Desktop\Work\ono\server\node_modules\express\lib\router\index.js:175:3)
    at router (C:\Users\Prime_Legion\Desktop\Work\ono\server\node_modules\express\lib\router\index.js:47:12)
[2024-12-03 02:26:22.998 PM] error:	@@ Invalid password please try again.
[2024-12-03 03:03:04.032 PM] error:	unhandledRejection: tokens validation failed: user: Path `user` is required.
ValidationError: tokens validation failed: user: Path `user` is required.
    at Document.invalidate (C:\Users\Prime_Legion\Desktop\Work\ono\server\node_modules\mongoose\lib\document.js:3318:32)
    at C:\Users\Prime_Legion\Desktop\Work\ono\server\node_modules\mongoose\lib\document.js:3079:17
    at C:\Users\Prime_Legion\Desktop\Work\ono\server\node_modules\mongoose\lib\schemaType.js:1388:9
    at process.processTicksAndRejections (node:internal/process/task_queues:77:11)
[2024-12-03 03:03:04.089 PM] error:	unhandledRejection: tokens validation failed: user: Path `user` is required.
ValidationError: tokens validation failed: user: Path `user` is required.
    at Document.invalidate (C:\Users\Prime_Legion\Desktop\Work\ono\server\node_modules\mongoose\lib\document.js:3318:32)
    at C:\Users\Prime_Legion\Desktop\Work\ono\server\node_modules\mongoose\lib\document.js:3079:17
    at C:\Users\Prime_Legion\Desktop\Work\ono\server\node_modules\mongoose\lib\schemaType.js:1388:9
    at process.processTicksAndRejections (node:internal/process/task_queues:77:11)
[2024-12-03 03:09:38.400 PM] error:	unhandledRejection: tokens validation failed: user: Path `user` is required.
ValidationError: tokens validation failed: user: Path `user` is required.
    at Document.invalidate (C:\Users\Prime_Legion\Desktop\Work\ono\server\node_modules\mongoose\lib\document.js:3318:32)
    at C:\Users\Prime_Legion\Desktop\Work\ono\server\node_modules\mongoose\lib\document.js:3079:17
    at C:\Users\Prime_Legion\Desktop\Work\ono\server\node_modules\mongoose\lib\schemaType.js:1388:9
    at process.processTicksAndRejections (node:internal/process/task_queues:77:11)
[2024-12-03 03:09:38.430 PM] error:	unhandledRejection: tokens validation failed: user: Path `user` is required.
ValidationError: tokens validation failed: user: Path `user` is required.
    at Document.invalidate (C:\Users\Prime_Legion\Desktop\Work\ono\server\node_modules\mongoose\lib\document.js:3318:32)
    at C:\Users\Prime_Legion\Desktop\Work\ono\server\node_modules\mongoose\lib\document.js:3079:17
    at C:\Users\Prime_Legion\Desktop\Work\ono\server\node_modules\mongoose\lib\schemaType.js:1388:9
    at process.processTicksAndRejections (node:internal/process/task_queues:77:11)
[2024-12-03 03:33:09.214 PM] error:	unhandledRejection: tokens validation failed: user: Path `user` is required.
ValidationError: tokens validation failed: user: Path `user` is required.
    at Document.invalidate (C:\Users\Prime_Legion\Desktop\Work\ono\server\node_modules\mongoose\lib\document.js:3318:32)
    at C:\Users\Prime_Legion\Desktop\Work\ono\server\node_modules\mongoose\lib\document.js:3079:17
    at C:\Users\Prime_Legion\Desktop\Work\ono\server\node_modules\mongoose\lib\schemaType.js:1388:9
    at process.processTicksAndRejections (node:internal/process/task_queues:77:11)
[2024-12-03 08:53:34.297 PM] error:	@@ Invalid password please try again.
[2024-12-03 09:58:23.564 PM] error:	unhandledRejection: authHeader.startsWith is not a function
TypeError: authHeader.startsWith is not a function
    at me (file:///C:/Users/Prime_Legion/Desktop/Work/ono/server/routes/authRoutes.js:175:34)
    at Layer.handle [as handle_request] (C:\Users\Prime_Legion\Desktop\Work\ono\server\node_modules\express\lib\router\layer.js:95:5)
    at next (C:\Users\Prime_Legion\Desktop\Work\ono\server\node_modules\express\lib\router\route.js:149:13)
    at Route.dispatch (C:\Users\Prime_Legion\Desktop\Work\ono\server\node_modules\express\lib\router\route.js:119:3)
    at Layer.handle [as handle_request] (C:\Users\Prime_Legion\Desktop\Work\ono\server\node_modules\express\lib\router\layer.js:95:5)
    at C:\Users\Prime_Legion\Desktop\Work\ono\server\node_modules\express\lib\router\index.js:284:15
    at Function.process_params (C:\Users\Prime_Legion\Desktop\Work\ono\server\node_modules\express\lib\router\index.js:346:12)
    at next (C:\Users\Prime_Legion\Desktop\Work\ono\server\node_modules\express\lib\router\index.js:280:10)
    at Function.handle (C:\Users\Prime_Legion\Desktop\Work\ono\server\node_modules\express\lib\router\index.js:175:3)
    at router (C:\Users\Prime_Legion\Desktop\Work\ono\server\node_modules\express\lib\router\index.js:47:12)
[2024-12-03 09:59:10.169 PM] error:	unhandledRejection: authHeader.startsWith is not a function
TypeError: authHeader.startsWith is not a function
    at me (file:///C:/Users/Prime_Legion/Desktop/Work/ono/server/routes/authRoutes.js:175:34)
    at Layer.handle [as handle_request] (C:\Users\Prime_Legion\Desktop\Work\ono\server\node_modules\express\lib\router\layer.js:95:5)
    at next (C:\Users\Prime_Legion\Desktop\Work\ono\server\node_modules\express\lib\router\route.js:149:13)
    at Route.dispatch (C:\Users\Prime_Legion\Desktop\Work\ono\server\node_modules\express\lib\router\route.js:119:3)
    at Layer.handle [as handle_request] (C:\Users\Prime_Legion\Desktop\Work\ono\server\node_modules\express\lib\router\layer.js:95:5)
    at C:\Users\Prime_Legion\Desktop\Work\ono\server\node_modules\express\lib\router\index.js:284:15
    at Function.process_params (C:\Users\Prime_Legion\Desktop\Work\ono\server\node_modules\express\lib\router\index.js:346:12)
    at next (C:\Users\Prime_Legion\Desktop\Work\ono\server\node_modules\express\lib\router\index.js:280:10)
    at Function.handle (C:\Users\Prime_Legion\Desktop\Work\ono\server\node_modules\express\lib\router\index.js:175:3)
    at router (C:\Users\Prime_Legion\Desktop\Work\ono\server\node_modules\express\lib\router\index.js:47:12)
[2024-12-03 09:59:54.939 PM] error:	unhandledRejection: authHeader.startsWith is not a function
TypeError: authHeader.startsWith is not a function
    at me (file:///C:/Users/Prime_Legion/Desktop/Work/ono/server/routes/authRoutes.js:175:34)
    at Layer.handle [as handle_request] (C:\Users\Prime_Legion\Desktop\Work\ono\server\node_modules\express\lib\router\layer.js:95:5)
    at next (C:\Users\Prime_Legion\Desktop\Work\ono\server\node_modules\express\lib\router\route.js:149:13)
    at Route.dispatch (C:\Users\Prime_Legion\Desktop\Work\ono\server\node_modules\express\lib\router\route.js:119:3)
    at Layer.handle [as handle_request] (C:\Users\Prime_Legion\Desktop\Work\ono\server\node_modules\express\lib\router\layer.js:95:5)
    at C:\Users\Prime_Legion\Desktop\Work\ono\server\node_modules\express\lib\router\index.js:284:15
    at Function.process_params (C:\Users\Prime_Legion\Desktop\Work\ono\server\node_modules\express\lib\router\index.js:346:12)
    at next (C:\Users\Prime_Legion\Desktop\Work\ono\server\node_modules\express\lib\router\index.js:280:10)
    at Function.handle (C:\Users\Prime_Legion\Desktop\Work\ono\server\node_modules\express\lib\router\index.js:175:3)
    at router (C:\Users\Prime_Legion\Desktop\Work\ono\server\node_modules\express\lib\router\index.js:47:12)
[2024-12-03 10:00:50.397 PM] error:	unhandledRejection: authHeader.split is not a function
TypeError: authHeader.split is not a function
    at me (file:///C:/Users/Prime_Legion/Desktop/Work/ono/server/routes/authRoutes.js:184:28)
    at Layer.handle [as handle_request] (C:\Users\Prime_Legion\Desktop\Work\ono\server\node_modules\express\lib\router\layer.js:95:5)
    at next (C:\Users\Prime_Legion\Desktop\Work\ono\server\node_modules\express\lib\router\route.js:149:13)
    at Route.dispatch (C:\Users\Prime_Legion\Desktop\Work\ono\server\node_modules\express\lib\router\route.js:119:3)
    at Layer.handle [as handle_request] (C:\Users\Prime_Legion\Desktop\Work\ono\server\node_modules\express\lib\router\layer.js:95:5)
    at C:\Users\Prime_Legion\Desktop\Work\ono\server\node_modules\express\lib\router\index.js:284:15
    at Function.process_params (C:\Users\Prime_Legion\Desktop\Work\ono\server\node_modules\express\lib\router\index.js:346:12)
    at next (C:\Users\Prime_Legion\Desktop\Work\ono\server\node_modules\express\lib\router\index.js:280:10)
    at Function.handle (C:\Users\Prime_Legion\Desktop\Work\ono\server\node_modules\express\lib\router\index.js:175:3)
    at router (C:\Users\Prime_Legion\Desktop\Work\ono\server\node_modules\express\lib\router\index.js:47:12)
